OFPT_FEATURES_REPLY (OF1.3) (xid=0x2): dpid:0000a0369f4b02e8
n_tables:254, n_buffers:256
capabilities: FLOW_STATS TABLE_STATS PORT_STATS GROUP_STATS QUEUE_STATS
OFPST_PORT_DESC reply (OF1.3) (xid=0x3):
 1(vhost-nat64-nzn): addr:00:00:00:00:00:00
     config:     0
     state:      0
     speed: 0 Mbps now, 0 Mbps max
 2(vhost-faucet-nz): addr:00:00:00:00:00:00
     config:     0
     state:      0
     speed: 0 Mbps now, 0 Mbps max
 3(dpdk2): addr:a0:36:9f:5d:0a:2e
     config:     0
     state:      LINK_DOWN
     current:    10MB-FD 1GB-HD 1GB-FD AUTO_NEG
     advertised: 10MB-HD 10MB-FD 100MB-FD COPPER FIBER AUTO_NEG
     peer:       1GB-FD 10GB-FD 100GB-FD 1TB-FD OTHER COPPER AUTO_NEG AUTO_PAUSE AUTO_PAUSE_ASYM
     speed: 1000 Mbps now, 0 Mbps max
 4(dpdk3): addr:a0:36:9f:5d:0a:20
     config:     0
     state:      LINK_DOWN
     current:    10MB-HD 10MB-FD 1GB-HD 1GB-FD AUTO_NEG
     advertised: 10MB-HD 10MB-FD 100MB-HD 1GB-FD 10GB-FD 100GB-FD AUTO_PAUSE AUTO_PAUSE_ASYM
     peer:       1GB-FD 10GB-FD 40GB-FD 1TB-FD OTHER FIBER AUTO_PAUSE_ASYM
     speed: 1000 Mbps now, 0 Mbps max
 5(dpdk4): addr:a0:36:9f:5d:0a:21
     config:     0
     state:      LINK_DOWN
     current:    100MB-HD 1GB-HD 1GB-FD AUTO_NEG
     advertised: 10MB-HD 10MB-FD 100MB-HD 100MB-FD 1GB-HD 1GB-FD OTHER AUTO_NEG AUTO_PAUSE AUTO_PAUSE_ASYM
     peer:       1GB-HD 100GB-FD OTHER AUTO_PAUSE_ASYM
     speed: 1000 Mbps now, 0 Mbps max
 6(vhost-host-nzno): addr:00:00:00:00:00:00
     config:     0
     state:      LINK_DOWN
     speed: 0 Mbps now, 0 Mbps max
 7(dpdk7): addr:a0:36:9f:4b:02:e8
     config:     0
     state:      LINK_DOWN
     current:    10MB-HD 10MB-FD 100MB-HD 1GB-HD 1GB-FD
     advertised: 10MB-HD 100MB-FD 1GB-FD 10GB-FD 40GB-FD 1TB-FD OTHER AUTO_NEG AUTO_PAUSE
     peer:       1GB-HD 10GB-FD 40GB-FD AUTO_PAUSE_ASYM
     speed: 1000 Mbps now, 0 Mbps max
 8(unifi-nznog): addr:fe:54:00:24:43:fe
     config:     0
     state:      0
     current:    10MB-FD COPPER
     speed: 10 Mbps now, 0 Mbps max
 9(smokeping-nznog): addr:fe:54:00:11:61:f0
     config:     0
     state:      0
     current:    10MB-FD COPPER
     speed: 10 Mbps now, 0 Mbps max
 10(awdy-nznog): addr:fe:54:00:2f:9a:dc
     config:     0
     state:      0
     current:    10MB-FD COPPER
     speed: 10 Mbps now, 0 Mbps max
 20(vhost-faucet-co): addr:00:00:00:00:00:00
     config:     0
     state:      0
     speed: 0 Mbps now, 0 Mbps max
 21(dpdk0): addr:a0:36:9f:5d:0a:2c
     config:     0
     state:      LINK_DOWN
     current:    1GB-HD 1GB-FD AUTO_NEG
     advertised: 10MB-FD 100MB-HD 100MB-FD 10GB-FD 40GB-FD 100GB-FD 1TB-FD COPPER
     peer:       1GB-HD 1GB-FD 40GB-FD OTHER COPPER AUTO_NEG
     speed: 1000 Mbps now, 0 Mbps max
 22(dpdk1): addr:a0:36:9f:5d:0a:2d
     config:     0
     state:      LINK_DOWN
     current:    AUTO_NEG
     advertised: 1GB-HD 10GB-FD 1TB-FD OTHER COPPER
     supported:  10MB-HD 10MB-FD 100MB-FD 1GB-FD 40GB-FD 100GB-FD OTHER FIBER AUTO_PAUSE
     peer:       10MB-HD 100MB-HD
     speed: 0 Mbps now, 100000 Mbps max
 23(unifi-control): addr:fe:54:00:40:20:85
     config:     0
     state:      0
     current:    10MB-FD COPPER
     speed: 10 Mbps now, 0 Mbps max
 LOCAL(br-nznog): addr:a0:36:9f:4b:02:e8
     config:     PORT_DOWN
     state:      LINK_DOWN
     current:    10MB-FD COPPER
     speed: 10 Mbps now, 0 Mbps max
OFPT_GET_CONFIG_REPLY (OF1.3) (xid=0x5): frags=normal miss_send_len=0
