2529744d-72b8-490e-8999-128c2a95764f
    Bridge "br-nznog6"
        Controller "tcp:192.168.122.2:6653"
        Controller "tcp:192.168.122.2:6654"
        fail_mode: secure
        Port "dpdk5"
            Interface "dpdk5"
                type: dpdk
        Port "vhost-host-nznog6"
            Interface "vhost-host-nznog6"
                type: dpdkvhostuser
        Port "vhost-nat64-nznog6"
            Interface "vhost-nat64-nznog6"
                type: dpdkvhostuser
        Port "dpdk6"
            Interface "dpdk6"
                type: dpdk
        Port "br-nznog6"
            Interface "br-nznog6"
                type: internal
    Bridge br-nznog
        Controller "tcp:192.168.122.2:6653"
        Controller "tcp:192.168.122.2:6654"
        fail_mode: secure
        Port vhost-faucet-nznog
            Interface vhost-faucet-nznog
                type: dpdkvhostuser
        Port "dpdk2"
            Interface "dpdk2"
                type: dpdk
        Port "dpdk4"
            Interface "dpdk4"
                type: dpdk
        Port "dpdk3"
            Interface "dpdk3"
                type: dpdk
        Port smokeping-nznog
            Interface smokeping-nznog
        Port unifi-nznog
            Interface unifi-nznog
        Port "vhost-nat64-nznog"
            Interface "vhost-nat64-nznog"
                type: dpdkvhostuser
        Port "dpdk1"
            Interface "dpdk1"
                type: dpdk
        Port vhost-faucet-control
            Interface vhost-faucet-control
                type: dpdkvhostuser
        Port vhost-host-nznog
            Interface vhost-host-nznog
                type: dpdkvhostuser
        Port unifi-control
            Interface unifi-control
        Port "dpdk7"
            Interface "dpdk7"
                type: dpdk
        Port awdy-nznog
            Interface awdy-nznog
        Port br-nznog
            Interface br-nznog
                type: internal
        Port "dpdk0"
            Interface "dpdk0"
                type: dpdk
    ovs_version: "2.6.0"
